2023-12-16 06:45:43.384 [main] INFO  Main - Старт
2023-12-16 06:56:00.068 [main] INFO  Main - Старт
2023-12-16 06:56:12.597 [main] ERROR Main - Всего 10 столов выберите
2023-12-16 06:56:12.598 [main] INFO  Main - Стол освобожден
2023-12-16 06:56:26.682 [main] INFO  Main - Список всех завершенных визитов
2023-12-16 06:56:42.827 [main] INFO  Main - Стол занят успешно
2023-12-16 06:56:49.856 [main] INFO  Main - Список всех визитов
2023-12-16 06:56:55.902 [main] INFO  Main - Список занятых столов
2023-12-16 06:57:04.958 [main] INFO  Main - Сколько всего минут сидят за каждым столом
2023-12-16 06:57:12.021 [main] INFO  Main - Сколько нужно заплатить всем гостям, если они сейчас покинут кафе
2023-12-16 06:58:09.083 [main] INFO  Main - Старт
2023-12-16 06:58:15.546 [main] INFO  Main - Стол занят успешно
2023-12-16 06:58:17.549 [main] INFO  Main - Список всех визитов
2023-12-16 06:58:47.534 [main] INFO  Main - Старт
2023-12-16 06:59:00.071 [main] INFO  Main - Стол занят успешно
2023-12-16 06:59:03.100 [main] INFO  Main - Просмотрена общая прибыль
2023-12-16 06:59:11.152 [main] INFO  Main - Список всех завершенных визитов
2023-12-16 07:00:40.836 [main] INFO  Main - Старт
2023-12-16 07:00:48.340 [main] INFO  Main - Стол занят успешно
2023-12-16 07:01:01.433 [main] INFO  Main - Список свободных столов
2023-12-16 07:01:01.433 [main] INFO  Main - Список свободных столов
2023-12-16 07:01:01.434 [main] INFO  Main - Список свободных столов
2023-12-16 07:01:01.434 [main] INFO  Main - Список свободных столов
2023-12-16 07:01:01.434 [main] INFO  Main - Список свободных столов
2023-12-16 07:01:01.434 [main] INFO  Main - Список свободных столов
2023-12-16 07:01:01.435 [main] INFO  Main - Список свободных столов
2023-12-16 07:01:01.435 [main] INFO  Main - Список свободных столов
2023-12-16 07:01:01.435 [main] INFO  Main - Список свободных столов
2023-12-16 07:02:21.335 [main] INFO  AntiCafe - Старт
2023-12-16 07:02:42.981 [main] INFO  AntiCafe - Стол занят успешно
2023-12-16 07:09:22.861 [main] INFO  AntiCafe - Старт
2023-12-16 15:37:54.429 [main] INFO  AntiCafeRun - Старт
2023-12-16 15:45:55.757 [main] INFO  AntiCafeRun - Старт
2023-12-16 15:56:04.218 [main] INFO  AntiCafeRun - Старт
2023-12-16 16:04:34.813 [main] INFO  AntiCafeRun - Старт
2023-12-16 16:25:09.567 [main] INFO  AntiCafeRun - Старт
